{"uid":"c3a710ee2bb6727","name":"test_twitch_search_and_navigate_to_streamer","fullName":"tests.test_twitch.TestTwitch#test_twitch_search_and_navigate_to_streamer","historyId":"daa92dc2dc4a954b8de4d08d9e41e798","time":{"start":1757501695979,"stop":1757501707862,"duration":11883},"description":"Test: Go to Twitch, search for Starcraft II, scroll, select streamer, and take screenshot","descriptionHtml":"<p>Test: Go to Twitch, search for Starcraft II, scroll, select streamer, and take screenshot</p>\n","status":"broken","statusMessage":"selenium.common.exceptions.ElementClickInterceptedException: Message: element click intercepted: Element <a class=\"ScInteractableBase-sc-ofisyf-0 ScInteractableDefault-sc-ofisyf-1 iCUBCA imYKMv InjectLayout-sc-1i43xsx-0 juMFQg\" href=\"/directory\">...</a> is not clickable at point (122, 543). Other element would receive the click: <button class=\"ScCoreButton-sc-ocjdkq-0 kJMgAB\">...</button>\n  (Session info: chrome=140.0.7339.80); For documentation on this error, please visit: https://www.selenium.dev/documentation/webdriver/troubleshooting/errors#elementclickinterceptedexception\nStacktrace:\n#0 0x55c563e4594a <unknown>\n#1 0x55c5638ba8a0 <unknown>\n#2 0x55c5639133bc <unknown>\n#3 0x55c56391121b <unknown>\n#4 0x55c56390e8c2 <unknown>\n#5 0x55c56390dfa5 <unknown>\n#6 0x55c56390078b <unknown>\n#7 0x55c563932032 <unknown>\n#8 0x55c563900107 <unknown>\n#9 0x55c5639321fe <unknown>\n#10 0x55c563957c23 <unknown>\n#11 0x55c563931e03 <unknown>\n#12 0x55c5638fe968 <unknown>\n#13 0x55c5638ff5e1 <unknown>\n#14 0x55c563e09548 <unknown>\n#15 0x55c563e0d272 <unknown>\n#16 0x55c563df0313 <unknown>\n#17 0x55c563e0ddc5 <unknown>\n#18 0x55c563dd549f <unknown>\n#19 0x55c563e32158 <unknown>\n#20 0x55c563e32332 <unknown>\n#21 0x55c563e44a53 <unknown>\n#22 0x7f10ac09caa4 <unknown>\n#23 0x7f10ac129c3c <unknown>","statusTrace":"tests/test_twitch.py:57: in test_twitch_search_and_navigate_to_streamer\n    search_clicked = self.home_page.click_search_button()\npages/twitch_home_page.py:50: in click_search_button\n    self.click_element([\ncore/base/base_page.py:136: in click_element\n    element.click()\n/opt/hostedtoolcache/Python/3.9.23/x64/lib/python3.9/site-packages/selenium/webdriver/remote/webelement.py:120: in click\n    self._execute(Command.CLICK_ELEMENT)\n/opt/hostedtoolcache/Python/3.9.23/x64/lib/python3.9/site-packages/selenium/webdriver/remote/webelement.py:573: in _execute\n    return self._parent.execute(command, params)\n/opt/hostedtoolcache/Python/3.9.23/x64/lib/python3.9/site-packages/selenium/webdriver/remote/webdriver.py:458: in execute\n    self.error_handler.check_response(response)\n/opt/hostedtoolcache/Python/3.9.23/x64/lib/python3.9/site-packages/selenium/webdriver/remote/errorhandler.py:232: in check_response\n    raise exception_class(message, screen, stacktrace)\nE   selenium.common.exceptions.ElementClickInterceptedException: Message: element click intercepted: Element <a class=\"ScInteractableBase-sc-ofisyf-0 ScInteractableDefault-sc-ofisyf-1 iCUBCA imYKMv InjectLayout-sc-1i43xsx-0 juMFQg\" href=\"/directory\">...</a> is not clickable at point (122, 543). Other element would receive the click: <button class=\"ScCoreButton-sc-ocjdkq-0 kJMgAB\">...</button>\nE     (Session info: chrome=140.0.7339.80); For documentation on this error, please visit: https://www.selenium.dev/documentation/webdriver/troubleshooting/errors#elementclickinterceptedexception\nE   Stacktrace:\nE   #0 0x55c563e4594a <unknown>\nE   #1 0x55c5638ba8a0 <unknown>\nE   #2 0x55c5639133bc <unknown>\nE   #3 0x55c56391121b <unknown>\nE   #4 0x55c56390e8c2 <unknown>\nE   #5 0x55c56390dfa5 <unknown>\nE   #6 0x55c56390078b <unknown>\nE   #7 0x55c563932032 <unknown>\nE   #8 0x55c563900107 <unknown>\nE   #9 0x55c5639321fe <unknown>\nE   #10 0x55c563957c23 <unknown>\nE   #11 0x55c563931e03 <unknown>\nE   #12 0x55c5638fe968 <unknown>\nE   #13 0x55c5638ff5e1 <unknown>\nE   #14 0x55c563e09548 <unknown>\nE   #15 0x55c563e0d272 <unknown>\nE   #16 0x55c563df0313 <unknown>\nE   #17 0x55c563e0ddc5 <unknown>\nE   #18 0x55c563dd549f <unknown>\nE   #19 0x55c563e32158 <unknown>\nE   #20 0x55c563e32332 <unknown>\nE   #21 0x55c563e44a53 <unknown>\nE   #22 0x7f10ac09caa4 <unknown>\nE   #23 0x7f10ac129c3c <unknown>","flaky":false,"newFailed":false,"newBroken":false,"newPassed":false,"retriesCount":0,"retriesStatusChange":false,"beforeStages":[{"name":"_xunit_setup_method_fixture_TestTwitch","time":{"start":1757501694189,"stop":1757501695977,"duration":1788},"status":"passed","steps":[],"attachments":[],"parameters":[],"stepsCount":0,"shouldDisplayMessage":false,"attachmentsCount":0,"hasContent":false,"attachmentStep":false},{"name":"parallel_session_setup","time":{"start":1757501694189,"stop":1757501694189,"duration":0},"status":"passed","steps":[],"attachments":[],"parameters":[],"stepsCount":0,"shouldDisplayMessage":false,"attachmentsCount":0,"hasContent":false,"attachmentStep":false}],"testStage":{"description":"Test: Go to Twitch, search for Starcraft II, scroll, select streamer, and take screenshot","status":"broken","statusMessage":"selenium.common.exceptions.ElementClickInterceptedException: Message: element click intercepted: Element <a class=\"ScInteractableBase-sc-ofisyf-0 ScInteractableDefault-sc-ofisyf-1 iCUBCA imYKMv InjectLayout-sc-1i43xsx-0 juMFQg\" href=\"/directory\">...</a> is not clickable at point (122, 543). Other element would receive the click: <button class=\"ScCoreButton-sc-ocjdkq-0 kJMgAB\">...</button>\n  (Session info: chrome=140.0.7339.80); For documentation on this error, please visit: https://www.selenium.dev/documentation/webdriver/troubleshooting/errors#elementclickinterceptedexception\nStacktrace:\n#0 0x55c563e4594a <unknown>\n#1 0x55c5638ba8a0 <unknown>\n#2 0x55c5639133bc <unknown>\n#3 0x55c56391121b <unknown>\n#4 0x55c56390e8c2 <unknown>\n#5 0x55c56390dfa5 <unknown>\n#6 0x55c56390078b <unknown>\n#7 0x55c563932032 <unknown>\n#8 0x55c563900107 <unknown>\n#9 0x55c5639321fe <unknown>\n#10 0x55c563957c23 <unknown>\n#11 0x55c563931e03 <unknown>\n#12 0x55c5638fe968 <unknown>\n#13 0x55c5638ff5e1 <unknown>\n#14 0x55c563e09548 <unknown>\n#15 0x55c563e0d272 <unknown>\n#16 0x55c563df0313 <unknown>\n#17 0x55c563e0ddc5 <unknown>\n#18 0x55c563dd549f <unknown>\n#19 0x55c563e32158 <unknown>\n#20 0x55c563e32332 <unknown>\n#21 0x55c563e44a53 <unknown>\n#22 0x7f10ac09caa4 <unknown>\n#23 0x7f10ac129c3c <unknown>","statusTrace":"tests/test_twitch.py:57: in test_twitch_search_and_navigate_to_streamer\n    search_clicked = self.home_page.click_search_button()\npages/twitch_home_page.py:50: in click_search_button\n    self.click_element([\ncore/base/base_page.py:136: in click_element\n    element.click()\n/opt/hostedtoolcache/Python/3.9.23/x64/lib/python3.9/site-packages/selenium/webdriver/remote/webelement.py:120: in click\n    self._execute(Command.CLICK_ELEMENT)\n/opt/hostedtoolcache/Python/3.9.23/x64/lib/python3.9/site-packages/selenium/webdriver/remote/webelement.py:573: in _execute\n    return self._parent.execute(command, params)\n/opt/hostedtoolcache/Python/3.9.23/x64/lib/python3.9/site-packages/selenium/webdriver/remote/webdriver.py:458: in execute\n    self.error_handler.check_response(response)\n/opt/hostedtoolcache/Python/3.9.23/x64/lib/python3.9/site-packages/selenium/webdriver/remote/errorhandler.py:232: in check_response\n    raise exception_class(message, screen, stacktrace)\nE   selenium.common.exceptions.ElementClickInterceptedException: Message: element click intercepted: Element <a class=\"ScInteractableBase-sc-ofisyf-0 ScInteractableDefault-sc-ofisyf-1 iCUBCA imYKMv InjectLayout-sc-1i43xsx-0 juMFQg\" href=\"/directory\">...</a> is not clickable at point (122, 543). Other element would receive the click: <button class=\"ScCoreButton-sc-ocjdkq-0 kJMgAB\">...</button>\nE     (Session info: chrome=140.0.7339.80); For documentation on this error, please visit: https://www.selenium.dev/documentation/webdriver/troubleshooting/errors#elementclickinterceptedexception\nE   Stacktrace:\nE   #0 0x55c563e4594a <unknown>\nE   #1 0x55c5638ba8a0 <unknown>\nE   #2 0x55c5639133bc <unknown>\nE   #3 0x55c56391121b <unknown>\nE   #4 0x55c56390e8c2 <unknown>\nE   #5 0x55c56390dfa5 <unknown>\nE   #6 0x55c56390078b <unknown>\nE   #7 0x55c563932032 <unknown>\nE   #8 0x55c563900107 <unknown>\nE   #9 0x55c5639321fe <unknown>\nE   #10 0x55c563957c23 <unknown>\nE   #11 0x55c563931e03 <unknown>\nE   #12 0x55c5638fe968 <unknown>\nE   #13 0x55c5638ff5e1 <unknown>\nE   #14 0x55c563e09548 <unknown>\nE   #15 0x55c563e0d272 <unknown>\nE   #16 0x55c563df0313 <unknown>\nE   #17 0x55c563e0ddc5 <unknown>\nE   #18 0x55c563dd549f <unknown>\nE   #19 0x55c563e32158 <unknown>\nE   #20 0x55c563e32332 <unknown>\nE   #21 0x55c563e44a53 <unknown>\nE   #22 0x7f10ac09caa4 <unknown>\nE   #23 0x7f10ac129c3c <unknown>","steps":[],"attachments":[{"uid":"5ed791675d7fe89d","name":"Failure Screenshot","source":"5ed791675d7fe89d.png","type":"image/png","size":241825},{"uid":"6b9a65e88daa6ce3","name":"log","source":"6b9a65e88daa6ce3.txt","type":"text/plain","size":351},{"uid":"51b3c18a19e58d6d","name":"stdout","source":"51b3c18a19e58d6d.txt","type":"text/plain","size":42},{"uid":"2349a1ea5a3090c","name":"stderr","source":"2349a1ea5a3090c.txt","type":"text/plain","size":382}],"parameters":[],"stepsCount":0,"shouldDisplayMessage":true,"attachmentsCount":4,"hasContent":true,"attachmentStep":false},"afterStages":[{"name":"_xunit_setup_method_fixture_TestTwitch::0","time":{"start":1757501708057,"stop":1757501708115,"duration":58},"status":"passed","steps":[],"attachments":[],"parameters":[],"stepsCount":0,"shouldDisplayMessage":false,"attachmentsCount":0,"hasContent":false,"attachmentStep":false},{"name":"parallel_session_setup::0","time":{"start":1757501708115,"stop":1757501708115,"duration":0},"status":"passed","steps":[],"attachments":[],"parameters":[],"stepsCount":0,"shouldDisplayMessage":false,"attachmentsCount":0,"hasContent":false,"attachmentStep":false}],"labels":[{"name":"parentSuite","value":"tests"},{"name":"suite","value":"test_twitch"},{"name":"subSuite","value":"TestTwitch"},{"name":"host","value":"runnervmf4ws1"},{"name":"thread","value":"2162-MainThread"},{"name":"framework","value":"pytest"},{"name":"language","value":"cpython3"},{"name":"package","value":"tests.test_twitch"},{"name":"resultFormat","value":"allure2"}],"parameters":[],"links":[],"hidden":false,"retry":false,"extra":{"severity":"normal","retries":[],"categories":[{"name":"Test defects","matchedStatuses":[],"flaky":false}],"tags":[]},"source":"c3a710ee2bb6727.json","parameterValues":[]}